<?xml version="1.0" encoding="UTF-8"?>
<!-- Generated by org.testng.reporters.JUnitReportReporter -->
<testsuite skipped="3" hostname="DESKTOP-O3R1SP1" name="com.TestClasses.TestDownloadsPage" tests="19" failures="0" timestamp="01 May 2021 18:15:15 GMT" time="183.970" errors="0">
  <testcase name="verifyTitle" time="0.022" classname="com.TestClasses.TestDownloadsPage"/>
  <testcase name="varifyUsersText" time="0.069" classname="com.TestClasses.TestDownloadsPage"/>
  <testcase name="varifyHome" time="0.047" classname="com.TestClasses.TestDownloadsPage"/>
  <testcase name="varifyJBKTextInNavBar" time="0.042" classname="com.TestClasses.TestDownloadsPage"/>
  <testcase name="varifyLeftBar" time="0.059" classname="com.TestClasses.TestDownloadsPage"/>
  <testcase name="varifyFooter" time="0.046" classname="com.TestClasses.TestDownloadsPage"/>
  <testcase name="varifyLogoutText" time="0.042" classname="com.TestClasses.TestDownloadsPage"/>
  <testcase name="varifyDownloadsListText" time="0.046" classname="com.TestClasses.TestDownloadsPage"/>
  <testcase name="clickLogoIMG" time="4.469" classname="com.TestClasses.TestDownloadsPage"/>
  <testcase name="verifyTextInTable" time="137.701" classname="com.TestClasses.TestDownloadsPage">
    <skipped/>
  </testcase> <!-- verifyTextInTable -->
  <testcase name="verifyTextInTable" time="5.465" classname="com.TestClasses.TestDownloadsPage">
    <skipped/>
  </testcase> <!-- verifyTextInTable -->
  <testcase name="verifyTextInTable" time="5.259" classname="com.TestClasses.TestDownloadsPage">
    <skipped/>
  </testcase> <!-- verifyTextInTable -->
  <testcase name="clickImages" time="13.418" classname="com.TestClasses.TestDownloadsPage"/>
  <testcase name="clickHome" time="0.242" classname="com.TestClasses.TestDownloadsPage"/>
  <testcase name="clickJBKTextInNavBar" time="0.869" classname="com.TestClasses.TestDownloadsPage"/>
  <testcase name="clickOnlineText" time="0.164" classname="com.TestClasses.TestDownloadsPage"/>
  <testcase name="clickFooter" time="14.145" classname="com.TestClasses.TestDownloadsPage"/>
  <testcase name="clickLogout" time="1.809" classname="com.TestClasses.TestDownloadsPage"/>
  <testcase name="verifyLogoutText" time="0.056" classname="com.TestClasses.TestDownloadsPage"/>
</testsuite> <!-- com.TestClasses.TestDownloadsPage -->
