<?xml version="1.0" encoding="UTF-8"?>
<!-- Generated by org.testng.reporters.JUnitReportReporter -->
<testsuite skipped="0" hostname="DESKTOP-O3R1SP1" name="com.TestClasses.TestOperatorsPage" tests="16" failures="0" timestamp="02 May 2021 15:14:20 GMT" time="8.529" errors="0">
  <testcase name="verifyTitle" time="0.016" classname="com.TestClasses.TestOperatorsPage"/>
  <testcase name="varifyUsersText" time="0.087" classname="com.TestClasses.TestOperatorsPage"/>
  <testcase name="varifyHome" time="0.305" classname="com.TestClasses.TestOperatorsPage"/>
  <testcase name="varifyJBKTextInNavBar" time="0.108" classname="com.TestClasses.TestOperatorsPage"/>
  <testcase name="varifyLeftBar" time="0.357" classname="com.TestClasses.TestOperatorsPage"/>
  <testcase name="varifyFooter" time="0.068" classname="com.TestClasses.TestOperatorsPage"/>
  <testcase name="varifyLogoutText" time="0.047" classname="com.TestClasses.TestOperatorsPage"/>
  <testcase name="varifyUserListText" time="0.111" classname="com.TestClasses.TestOperatorsPage"/>
  <testcase name="clickHome" time="0.214" classname="com.TestClasses.TestOperatorsPage"/>
  <testcase name="clickJBKTextInNavBar" time="2.538" classname="com.TestClasses.TestOperatorsPage"/>
  <testcase name="clickOnlineText" time="0.240" classname="com.TestClasses.TestOperatorsPage"/>
  <testcase name="clickIMG" time="0.724" classname="com.TestClasses.TestOperatorsPage"/>
  <testcase name="clickFooter" time="2.875" classname="com.TestClasses.TestOperatorsPage"/>
  <testcase name="verifyTextInTable" time="0.360" classname="com.TestClasses.TestOperatorsPage"/>
  <testcase name="clickLogout" time="0.425" classname="com.TestClasses.TestOperatorsPage"/>
  <testcase name="verifyLogoutText" time="0.054" classname="com.TestClasses.TestOperatorsPage"/>
</testsuite> <!-- com.TestClasses.TestOperatorsPage -->
