<?xml version="1.0" encoding="UTF-8"?>
<!-- Generated by org.testng.reporters.JUnitReportReporter -->
<testsuite skipped="0" hostname="DESKTOP-O3R1SP1" name="com.TestClasses.TestDashboardPage" tests="19" failures="0" timestamp="01 May 2021 16:42:11 GMT" time="24.947" errors="0">
  <testcase name="verifyTitle" time="0.235" classname="com.TestClasses.TestDashboardPage"/>
  <testcase name="verifyCurrentURL" time="0.063" classname="com.TestClasses.TestDashboardPage"/>
  <testcase name="varifyH1Tag" time="0.081" classname="com.TestClasses.TestDashboardPage"/>
  <testcase name="varifyLogoutText" time="0.064" classname="com.TestClasses.TestDashboardPage"/>
  <testcase name="varifyHome" time="0.059" classname="com.TestClasses.TestDashboardPage"/>
  <testcase name="varifyJBKTextInNavBar" time="0.220" classname="com.TestClasses.TestDashboardPage"/>
  <testcase name="varifyLeftBar" time="0.321" classname="com.TestClasses.TestDashboardPage"/>
  <testcase name="varifyFooter" time="0.050" classname="com.TestClasses.TestDashboardPage"/>
  <testcase name="varifySelenium" time="0.116" classname="com.TestClasses.TestDashboardPage"/>
  <testcase name="varifyRHSContent" time="0.102" classname="com.TestClasses.TestDashboardPage"/>
  <testcase name="varifyMoreInfo" time="0.391" classname="com.TestClasses.TestDashboardPage"/>
  <testcase name="clickHome" time="0.184" classname="com.TestClasses.TestDashboardPage"/>
  <testcase name="clickJBKTextInNavBar" time="0.914" classname="com.TestClasses.TestDashboardPage"/>
  <testcase name="clickOnlineText" time="0.361" classname="com.TestClasses.TestDashboardPage"/>
  <testcase name="clickIMG" time="0.373" classname="com.TestClasses.TestDashboardPage"/>
  <testcase name="mouseMove" time="9.403" classname="com.TestClasses.TestDashboardPage"/>
  <testcase name="verifyAllLinks_SwitchOnLinks" time="11.478" classname="com.TestClasses.TestDashboardPage"/>
  <testcase name="clickLogoutButton" time="0.492" classname="com.TestClasses.TestDashboardPage"/>
  <testcase name="verifyLogoutText" time="0.040" classname="com.TestClasses.TestDashboardPage"/>
</testsuite> <!-- com.TestClasses.TestDashboardPage -->
