<?xml version="1.0" encoding="UTF-8"?>
<!-- Generated by org.testng.reporters.JUnitReportReporter -->
<testsuite skipped="0" hostname="DESKTOP-O3R1SP1" name="com.TestClasses.TestOperatorsPage" tests="16" failures="0" timestamp="01 May 2021 17:18:55 GMT" time="58.043" errors="0">
  <testcase name="verifyTitle" time="0.085" classname="com.TestClasses.TestOperatorsPage"/>
  <testcase name="varifyUsersText" time="0.182" classname="com.TestClasses.TestOperatorsPage"/>
  <testcase name="varifyHome" time="0.320" classname="com.TestClasses.TestOperatorsPage"/>
  <testcase name="varifyJBKTextInNavBar" time="0.117" classname="com.TestClasses.TestOperatorsPage"/>
  <testcase name="varifyLeftBar" time="0.167" classname="com.TestClasses.TestOperatorsPage"/>
  <testcase name="varifyFooter" time="0.088" classname="com.TestClasses.TestOperatorsPage"/>
  <testcase name="varifyLogoutText" time="0.062" classname="com.TestClasses.TestOperatorsPage"/>
  <testcase name="varifyUserListText" time="0.062" classname="com.TestClasses.TestOperatorsPage"/>
  <testcase name="clickHome" time="0.098" classname="com.TestClasses.TestOperatorsPage"/>
  <testcase name="clickJBKTextInNavBar" time="1.068" classname="com.TestClasses.TestOperatorsPage"/>
  <testcase name="clickOnlineText" time="0.189" classname="com.TestClasses.TestOperatorsPage"/>
  <testcase name="clickIMG" time="0.438" classname="com.TestClasses.TestOperatorsPage"/>
  <testcase name="clickFooter" time="53.814" classname="com.TestClasses.TestOperatorsPage"/>
  <testcase name="verifyTextInTable" time="0.451" classname="com.TestClasses.TestOperatorsPage"/>
  <testcase name="clickLogout" time="0.767" classname="com.TestClasses.TestOperatorsPage"/>
  <testcase name="verifyLogoutText" time="0.135" classname="com.TestClasses.TestOperatorsPage"/>
</testsuite> <!-- com.TestClasses.TestOperatorsPage -->
