<?xml version="1.0" encoding="UTF-8"?>
<!-- Generated by org.testng.reporters.JUnitReportReporter -->
<testsuite skipped="0" hostname="DESKTOP-O3R1SP1" name="com.TestClasses.TestUsersPage" tests="21" failures="0" timestamp="02 May 2021 15:14:20 GMT" time="13.306" errors="0">
  <testcase name="verifyTitle" time="0.015" classname="com.TestClasses.TestUsersPage"/>
  <testcase name="varifyUsersText" time="0.108" classname="com.TestClasses.TestUsersPage"/>
  <testcase name="varifyHome" time="0.133" classname="com.TestClasses.TestUsersPage"/>
  <testcase name="varifyJBKTextInNavBar" time="0.985" classname="com.TestClasses.TestUsersPage"/>
  <testcase name="varifyLeftBar" time="0.147" classname="com.TestClasses.TestUsersPage"/>
  <testcase name="varifyFooter" time="0.056" classname="com.TestClasses.TestUsersPage"/>
  <testcase name="varifyLogoutText" time="0.047" classname="com.TestClasses.TestUsersPage"/>
  <testcase name="varifyUserListText" time="0.055" classname="com.TestClasses.TestUsersPage"/>
  <testcase name="varifyAddUser" time="0.078" classname="com.TestClasses.TestUsersPage"/>
  <testcase name="varifyDeleteDefaultUser" time="0.140" classname="com.TestClasses.TestUsersPage"/>
  <testcase name="clickHome" time="0.152" classname="com.TestClasses.TestUsersPage"/>
  <testcase name="clickJBKTextInNavBar" time="0.992" classname="com.TestClasses.TestUsersPage"/>
  <testcase name="clickOnlineText" time="0.355" classname="com.TestClasses.TestUsersPage"/>
  <testcase name="clickDeleteDefaultUser" time="1.111" classname="com.TestClasses.TestUsersPage"/>
  <testcase name="clickNormalUserToDelete" time="1.194" classname="com.TestClasses.TestUsersPage"/>
  <testcase name="clickIMG" time="3.360" classname="com.TestClasses.TestUsersPage"/>
  <testcase name="verifyTextInTable" time="0.582" classname="com.TestClasses.TestUsersPage"/>
  <testcase name="verifytoggleElementText" time="0.056" classname="com.TestClasses.TestUsersPage"/>
  <testcase name="verifyAllLinks_SwitchOnLinks" time="3.388" classname="com.TestClasses.TestUsersPage"/>
  <testcase name="clickLogout" time="0.296" classname="com.TestClasses.TestUsersPage"/>
  <testcase name="verifyLogoutText" time="0.056" classname="com.TestClasses.TestUsersPage"/>
</testsuite> <!-- com.TestClasses.TestUsersPage -->
