<?xml version="1.0" encoding="UTF-8"?>
<!-- Generated by org.testng.reporters.JUnitReportReporter -->
<testsuite skipped="0" hostname="DESKTOP-O3R1SP1" name="com.TestClasses.TestIndexPage1" tests="1" failures="0" timestamp="02 May 2021 17:06:52 GMT" time="17.791" errors="0">
  <testcase name="login" time="17.791" classname="com.TestClasses.TestIndexPage1"/>
</testsuite> <!-- com.TestClasses.TestIndexPage1 -->
