<?xml version="1.0" encoding="UTF-8"?>
<!-- Generated by org.testng.reporters.JUnitReportReporter -->
<testsuite skipped="0" hostname="DESKTOP-O3R1SP1" name="com.TestClasses.TestUsersPage" tests="21" failures="0" timestamp="01 May 2021 16:42:11 GMT" time="12.573" errors="0">
  <testcase name="verifyTitle" time="0.016" classname="com.TestClasses.TestUsersPage"/>
  <testcase name="varifyUsersText" time="0.227" classname="com.TestClasses.TestUsersPage"/>
  <testcase name="varifyHome" time="0.064" classname="com.TestClasses.TestUsersPage"/>
  <testcase name="varifyJBKTextInNavBar" time="0.083" classname="com.TestClasses.TestUsersPage"/>
  <testcase name="varifyLeftBar" time="0.094" classname="com.TestClasses.TestUsersPage"/>
  <testcase name="varifyFooter" time="0.072" classname="com.TestClasses.TestUsersPage"/>
  <testcase name="varifyLogoutText" time="0.047" classname="com.TestClasses.TestUsersPage"/>
  <testcase name="varifyUserListText" time="0.080" classname="com.TestClasses.TestUsersPage"/>
  <testcase name="varifyAddUser" time="0.079" classname="com.TestClasses.TestUsersPage"/>
  <testcase name="varifyDeleteDefaultUser" time="0.056" classname="com.TestClasses.TestUsersPage"/>
  <testcase name="clickHome" time="0.376" classname="com.TestClasses.TestUsersPage"/>
  <testcase name="clickJBKTextInNavBar" time="1.235" classname="com.TestClasses.TestUsersPage"/>
  <testcase name="clickOnlineText" time="0.353" classname="com.TestClasses.TestUsersPage"/>
  <testcase name="clickDeleteDefaultUser" time="1.285" classname="com.TestClasses.TestUsersPage"/>
  <testcase name="clickNormalUserToDelete" time="1.193" classname="com.TestClasses.TestUsersPage"/>
  <testcase name="clickIMG" time="3.265" classname="com.TestClasses.TestUsersPage"/>
  <testcase name="verifyTextInTable" time="0.500" classname="com.TestClasses.TestUsersPage"/>
  <testcase name="verifytoggleElementText" time="0.059" classname="com.TestClasses.TestUsersPage"/>
  <testcase name="verifyAllLinks_SwitchOnLinks" time="3.073" classname="com.TestClasses.TestUsersPage"/>
  <testcase name="clickLogout" time="0.360" classname="com.TestClasses.TestUsersPage"/>
  <testcase name="verifyLogoutText" time="0.056" classname="com.TestClasses.TestUsersPage"/>
</testsuite> <!-- com.TestClasses.TestUsersPage -->
