<?xml version="1.0" encoding="UTF-8"?>
<!-- Generated by org.testng.reporters.JUnitReportReporter -->
<testsuite skipped="0" hostname="DESKTOP-O3R1SP1" name="com.TestClasses.TestAddUserPage" tests="21" failures="0" timestamp="02 May 2021 15:14:20 GMT" time="27.507" errors="0">
  <testcase name="verifyTitle" time="0.250" classname="com.TestClasses.TestAddUserPage"/>
  <testcase name="varifyHome" time="0.332" classname="com.TestClasses.TestAddUserPage"/>
  <testcase name="clickHome" time="0.297" classname="com.TestClasses.TestAddUserPage"/>
  <testcase name="varifyJBKTextInNavBar" time="0.962" classname="com.TestClasses.TestAddUserPage"/>
  <testcase name="clickJBKTextInNavBar" time="2.721" classname="com.TestClasses.TestAddUserPage"/>
  <testcase name="varifyLeftBar" time="0.139" classname="com.TestClasses.TestAddUserPage"/>
  <testcase name="clickOnlineText" time="0.152" classname="com.TestClasses.TestAddUserPage"/>
  <testcase name="varifyFooter" time="0.065" classname="com.TestClasses.TestAddUserPage"/>
  <testcase name="clickFooterLink" time="9.728" classname="com.TestClasses.TestAddUserPage"/>
  <testcase name="varifyLogoutText" time="0.136" classname="com.TestClasses.TestAddUserPage"/>
  <testcase name="varifyAddUserText" time="0.148" classname="com.TestClasses.TestAddUserPage"/>
  <testcase name="verifyh3Text" time="0.277" classname="com.TestClasses.TestAddUserPage"/>
  <testcase name="varifyAddUser" time="2.046" classname="com.TestClasses.TestAddUserPage"/>
  <testcase name="varifyAddUser" time="1.733" classname="com.TestClasses.TestAddUserPage"/>
  <testcase name="varifyAddUser" time="1.453" classname="com.TestClasses.TestAddUserPage"/>
  <testcase name="varifyAddUser" time="1.677" classname="com.TestClasses.TestAddUserPage"/>
  <testcase name="varifyAddUser" time="3.347" classname="com.TestClasses.TestAddUserPage"/>
  <testcase name="clickIMG" time="0.912" classname="com.TestClasses.TestAddUserPage"/>
  <testcase name="cancleBtn" time="0.427" classname="com.TestClasses.TestAddUserPage"/>
  <testcase name="verifyTitleOfUserPage" time="0.027" classname="com.TestClasses.TestAddUserPage"/>
  <testcase name="clickLogout" time="0.678" classname="com.TestClasses.TestAddUserPage"/>
</testsuite> <!-- com.TestClasses.TestAddUserPage -->
