<?xml version="1.0" encoding="UTF-8"?>
<!-- Generated by org.testng.reporters.JUnitReportReporter -->
<testsuite skipped="0" hostname="DESKTOP-O3R1SP1" name="com.TestClasses.TestUsefulLinksPage" tests="16" failures="0" timestamp="30 Apr 2021 04:41:31 GMT" time="26.407" errors="0">
  <testcase name="verifyTitle" time="0.156" classname="com.TestClasses.TestUsefulLinksPage"/>
  <testcase name="varifyUsersText" time="0.064" classname="com.TestClasses.TestUsefulLinksPage"/>
  <testcase name="varifyHome" time="0.082" classname="com.TestClasses.TestUsefulLinksPage"/>
  <testcase name="varifyJBKTextInNavBar" time="0.088" classname="com.TestClasses.TestUsefulLinksPage"/>
  <testcase name="varifyLeftBar" time="0.121" classname="com.TestClasses.TestUsefulLinksPage"/>
  <testcase name="varifyFooter" time="0.065" classname="com.TestClasses.TestUsefulLinksPage"/>
  <testcase name="varifyLogoutText" time="0.054" classname="com.TestClasses.TestUsefulLinksPage"/>
  <testcase name="varifyUserListText" time="0.053" classname="com.TestClasses.TestUsefulLinksPage"/>
  <testcase name="clickHome" time="0.162" classname="com.TestClasses.TestUsefulLinksPage"/>
  <testcase name="clickJBKTextInNavBar" time="0.957" classname="com.TestClasses.TestUsefulLinksPage"/>
  <testcase name="clickOnlineText" time="0.144" classname="com.TestClasses.TestUsefulLinksPage"/>
  <testcase name="clickFooter" time="8.084" classname="com.TestClasses.TestUsefulLinksPage"/>
  <testcase name="clickIMG" time="0.360" classname="com.TestClasses.TestUsefulLinksPage"/>
  <testcase name="verifyTextInTable" time="15.461" classname="com.TestClasses.TestUsefulLinksPage"/>
  <testcase name="clickLogout" time="0.448" classname="com.TestClasses.TestUsefulLinksPage"/>
  <testcase name="verifyLogoutText" time="0.108" classname="com.TestClasses.TestUsefulLinksPage"/>
</testsuite> <!-- com.TestClasses.TestUsefulLinksPage -->
