<?xml version="1.0" encoding="UTF-8"?>
<!-- Generated by org.testng.reporters.JUnitReportReporter -->
<testsuite skipped="0" hostname="DESKTOP-O3R1SP1" name="com.TestClasses.TestDashboardPage" tests="1" failures="0" timestamp="02 May 2021 15:24:44 GMT" time="0.016" errors="0">
  <testcase name="verifyTitle" time="0.016" classname="com.TestClasses.TestDashboardPage"/>
</testsuite> <!-- com.TestClasses.TestDashboardPage -->
