<?xml version="1.0" encoding="UTF-8"?>
<!-- Generated by org.testng.reporters.JUnitReportReporter -->
<testsuite skipped="0" hostname="DESKTOP-O3R1SP1" name="com.TestClasses.TestRegisterPage" tests="16" failures="0" timestamp="01 May 2021 16:42:11 GMT" time="23.756" errors="0">
  <testcase name="verifyCurrentURL" time="0.047" classname="com.TestClasses.TestRegisterPage"/>
  <testcase name="boldText" time="0.078" classname="com.TestClasses.TestRegisterPage"/>
  <testcase name="headingText" time="0.064" classname="com.TestClasses.TestRegisterPage"/>
  <testcase name="fillDetails" time="2.762" classname="com.TestClasses.TestRegisterPage"/>
  <testcase name="fillDetails" time="2.828" classname="com.TestClasses.TestRegisterPage"/>
  <testcase name="fillDetails" time="2.760" classname="com.TestClasses.TestRegisterPage"/>
  <testcase name="fillDetails" time="9.394" classname="com.TestClasses.TestRegisterPage"/>
  <testcase name="fillDetails" time="4.173" classname="com.TestClasses.TestRegisterPage"/>
  <testcase name="alreadyRegText" time="0.236" classname="com.TestClasses.TestRegisterPage"/>
  <testcase name="signInToReg" time="0.393" classname="com.TestClasses.TestRegisterPage"/>
  <testcase name="verifyNameError" time="0.050" classname="com.TestClasses.TestRegisterPage"/>
  <testcase name="verifyMobileNoError" time="0.068" classname="com.TestClasses.TestRegisterPage"/>
  <testcase name="verifyEmailError" time="0.086" classname="com.TestClasses.TestRegisterPage"/>
  <testcase name="verifyPasswordError" time="0.113" classname="com.TestClasses.TestRegisterPage"/>
  <testcase name="clickOnAlreadyRegText" time="0.645" classname="com.TestClasses.TestRegisterPage"/>
  <testcase name="verifyCurrentURL2" time="0.059" classname="com.TestClasses.TestRegisterPage"/>
</testsuite> <!-- com.TestClasses.TestRegisterPage -->
