<?xml version="1.0" encoding="UTF-8"?>
<!-- Generated by org.testng.reporters.JUnitReportReporter -->
<testsuite skipped="0" hostname="DESKTOP-O3R1SP1" name="com.TestClasses.TestIndexPage" tests="15" failures="0" timestamp="02 May 2021 15:37:56 GMT" time="4.654" errors="0">
  <testcase name="verifyCurrentURL" time="0.024" classname="com.TestClasses.TestIndexPage"/>
  <testcase name="logoText" time="0.064" classname="com.TestClasses.TestIndexPage"/>
  <testcase name="clickOnLogo" time="0.097" classname="com.TestClasses.TestIndexPage"/>
  <testcase name="clickOnCoursesText" time="0.112" classname="com.TestClasses.TestIndexPage"/>
  <testcase name="coursesText" time="0.040" classname="com.TestClasses.TestIndexPage"/>
  <testcase name="headingText" time="0.059" classname="com.TestClasses.TestIndexPage"/>
  <testcase name="registerText" time="0.080" classname="com.TestClasses.TestIndexPage"/>
  <testcase name="TestLoginCredentials" time="0.519" classname="com.TestClasses.TestIndexPage"/>
  <testcase name="TestLoginCredentials" time="0.549" classname="com.TestClasses.TestIndexPage"/>
  <testcase name="TestLoginCredentials" time="0.416" classname="com.TestClasses.TestIndexPage"/>
  <testcase name="TestLoginCredentials" time="1.116" classname="com.TestClasses.TestIndexPage"/>
  <testcase name="directSignIn" time="0.062" classname="com.TestClasses.TestIndexPage"/>
  <testcase name="verifyEmailErrorText" time="0.062" classname="com.TestClasses.TestIndexPage"/>
  <testcase name="verifyPasswordErrorText" time="0.063" classname="com.TestClasses.TestIndexPage"/>
  <testcase name="clickIMG" time="1.391" classname="com.TestClasses.TestIndexPage"/>
</testsuite> <!-- com.TestClasses.TestIndexPage -->
