<?xml version="1.0" encoding="UTF-8"?>
<!-- Generated by org.testng.reporters.JUnitReportReporter -->
<testsuite skipped="0" hostname="DESKTOP-O3R1SP1" name="com.TestClasses.TestAddUserPage" tests="21" failures="0" timestamp="01 May 2021 16:42:11 GMT" time="28.733" errors="0">
  <testcase name="verifyTitle" time="0.094" classname="com.TestClasses.TestAddUserPage"/>
  <testcase name="varifyHome" time="0.249" classname="com.TestClasses.TestAddUserPage"/>
  <testcase name="clickHome" time="0.144" classname="com.TestClasses.TestAddUserPage"/>
  <testcase name="varifyJBKTextInNavBar" time="0.088" classname="com.TestClasses.TestAddUserPage"/>
  <testcase name="clickJBKTextInNavBar" time="0.609" classname="com.TestClasses.TestAddUserPage"/>
  <testcase name="varifyLeftBar" time="0.080" classname="com.TestClasses.TestAddUserPage"/>
  <testcase name="clickOnlineText" time="0.125" classname="com.TestClasses.TestAddUserPage"/>
  <testcase name="varifyFooter" time="0.096" classname="com.TestClasses.TestAddUserPage"/>
  <testcase name="clickFooterLink" time="9.365" classname="com.TestClasses.TestAddUserPage"/>
  <testcase name="varifyLogoutText" time="0.071" classname="com.TestClasses.TestAddUserPage"/>
  <testcase name="varifyAddUserText" time="0.072" classname="com.TestClasses.TestAddUserPage"/>
  <testcase name="verifyh3Text" time="0.062" classname="com.TestClasses.TestAddUserPage"/>
  <testcase name="varifyAddUser" time="2.677" classname="com.TestClasses.TestAddUserPage"/>
  <testcase name="varifyAddUser" time="2.334" classname="com.TestClasses.TestAddUserPage"/>
  <testcase name="varifyAddUser" time="3.443" classname="com.TestClasses.TestAddUserPage"/>
  <testcase name="varifyAddUser" time="2.259" classname="com.TestClasses.TestAddUserPage"/>
  <testcase name="varifyAddUser" time="2.303" classname="com.TestClasses.TestAddUserPage"/>
  <testcase name="clickIMG" time="0.589" classname="com.TestClasses.TestAddUserPage"/>
  <testcase name="cancleBtn" time="0.413" classname="com.TestClasses.TestAddUserPage"/>
  <testcase name="verifyTitleOfUserPage" time="0.003" classname="com.TestClasses.TestAddUserPage"/>
  <testcase name="clickLogout" time="3.657" classname="com.TestClasses.TestAddUserPage"/>
</testsuite> <!-- com.TestClasses.TestAddUserPage -->
