<?xml version="1.0" encoding="UTF-8"?>
<!-- Generated by org.testng.reporters.JUnitReportReporter -->
<testsuite skipped="0" hostname="DESKTOP-O3R1SP1" name="com.TestClasses.TestIndexPage1" tests="1" failures="0" timestamp="01 May 2021 18:15:15 GMT" time="12.077" errors="0">
  <testcase name="login" time="12.077" classname="com.TestClasses.TestIndexPage1"/>
</testsuite> <!-- com.TestClasses.TestIndexPage1 -->
