<?xml version="1.0" encoding="UTF-8"?>
<!-- Generated by org.testng.reporters.JUnitReportReporter -->
<testsuite skipped="0" hostname="DESKTOP-O3R1SP1" name="com.TestClasses.TestIndexPage" tests="15" failures="0" timestamp="01 May 2021 16:42:11 GMT" time="12.661" errors="0">
  <testcase name="verifyCurrentURL" time="0.235" classname="com.TestClasses.TestIndexPage"/>
  <testcase name="logoText" time="0.078" classname="com.TestClasses.TestIndexPage"/>
  <testcase name="clickOnLogo" time="0.337" classname="com.TestClasses.TestIndexPage"/>
  <testcase name="clickOnCoursesText" time="0.176" classname="com.TestClasses.TestIndexPage"/>
  <testcase name="coursesText" time="0.064" classname="com.TestClasses.TestIndexPage"/>
  <testcase name="headingText" time="0.260" classname="com.TestClasses.TestIndexPage"/>
  <testcase name="registerText" time="0.056" classname="com.TestClasses.TestIndexPage"/>
  <testcase name="TestLoginCredentials" time="3.162" classname="com.TestClasses.TestIndexPage"/>
  <testcase name="TestLoginCredentials" time="1.451" classname="com.TestClasses.TestIndexPage"/>
  <testcase name="TestLoginCredentials" time="0.564" classname="com.TestClasses.TestIndexPage"/>
  <testcase name="TestLoginCredentials" time="0.496" classname="com.TestClasses.TestIndexPage"/>
  <testcase name="directSignIn" time="0.164" classname="com.TestClasses.TestIndexPage"/>
  <testcase name="verifyEmailErrorText" time="0.086" classname="com.TestClasses.TestIndexPage"/>
  <testcase name="verifyPasswordErrorText" time="0.122" classname="com.TestClasses.TestIndexPage"/>
  <testcase name="clickIMG" time="5.410" classname="com.TestClasses.TestIndexPage"/>
</testsuite> <!-- com.TestClasses.TestIndexPage -->
