<?xml version="1.0" encoding="UTF-8"?>
<!-- Generated by org.testng.reporters.JUnitReportReporter -->
<testsuite skipped="0" hostname="DESKTOP-O3R1SP1" name="com.TestClasses.TestUsefulLinksPage" tests="16" failures="0" timestamp="02 May 2021 15:14:20 GMT" time="22.020" errors="0">
  <testcase name="verifyTitle" time="0.015" classname="com.TestClasses.TestUsefulLinksPage"/>
  <testcase name="varifyUsersText" time="0.071" classname="com.TestClasses.TestUsefulLinksPage"/>
  <testcase name="varifyHome" time="0.116" classname="com.TestClasses.TestUsefulLinksPage"/>
  <testcase name="varifyJBKTextInNavBar" time="0.084" classname="com.TestClasses.TestUsefulLinksPage"/>
  <testcase name="varifyLeftBar" time="0.097" classname="com.TestClasses.TestUsefulLinksPage"/>
  <testcase name="varifyFooter" time="0.088" classname="com.TestClasses.TestUsefulLinksPage"/>
  <testcase name="varifyLogoutText" time="0.074" classname="com.TestClasses.TestUsefulLinksPage"/>
  <testcase name="varifyUserListText" time="0.078" classname="com.TestClasses.TestUsefulLinksPage"/>
  <testcase name="clickHome" time="0.288" classname="com.TestClasses.TestUsefulLinksPage"/>
  <testcase name="clickJBKTextInNavBar" time="1.040" classname="com.TestClasses.TestUsefulLinksPage"/>
  <testcase name="clickOnlineText" time="0.232" classname="com.TestClasses.TestUsefulLinksPage"/>
  <testcase name="clickFooter" time="6.451" classname="com.TestClasses.TestUsefulLinksPage"/>
  <testcase name="clickIMG" time="0.232" classname="com.TestClasses.TestUsefulLinksPage"/>
  <testcase name="verifyTextInTable" time="12.801" classname="com.TestClasses.TestUsefulLinksPage"/>
  <testcase name="clickLogout" time="0.310" classname="com.TestClasses.TestUsefulLinksPage"/>
  <testcase name="verifyLogoutText" time="0.043" classname="com.TestClasses.TestUsefulLinksPage"/>
</testsuite> <!-- com.TestClasses.TestUsefulLinksPage -->
