<?xml version="1.0" encoding="UTF-8"?>
<!-- Generated by org.testng.reporters.JUnitReportReporter -->
<testsuite skipped="0" hostname="DESKTOP-O3R1SP1" name="com.TestClasses.TestRegisterPage" tests="16" failures="0" timestamp="02 May 2021 15:37:56 GMT" time="15.446" errors="0">
  <testcase name="verifyCurrentURL" time="0.016" classname="com.TestClasses.TestRegisterPage"/>
  <testcase name="boldText" time="0.049" classname="com.TestClasses.TestRegisterPage"/>
  <testcase name="headingText" time="0.040" classname="com.TestClasses.TestRegisterPage"/>
  <testcase name="fillDetails" time="3.041" classname="com.TestClasses.TestRegisterPage"/>
  <testcase name="fillDetails" time="2.810" classname="com.TestClasses.TestRegisterPage"/>
  <testcase name="fillDetails" time="2.846" classname="com.TestClasses.TestRegisterPage"/>
  <testcase name="fillDetails" time="2.762" classname="com.TestClasses.TestRegisterPage"/>
  <testcase name="fillDetails" time="2.871" classname="com.TestClasses.TestRegisterPage"/>
  <testcase name="alreadyRegText" time="0.055" classname="com.TestClasses.TestRegisterPage"/>
  <testcase name="signInToReg" time="0.333" classname="com.TestClasses.TestRegisterPage"/>
  <testcase name="verifyNameError" time="0.048" classname="com.TestClasses.TestRegisterPage"/>
  <testcase name="verifyMobileNoError" time="0.040" classname="com.TestClasses.TestRegisterPage"/>
  <testcase name="verifyEmailError" time="0.047" classname="com.TestClasses.TestRegisterPage"/>
  <testcase name="verifyPasswordError" time="0.062" classname="com.TestClasses.TestRegisterPage"/>
  <testcase name="clickOnAlreadyRegText" time="0.378" classname="com.TestClasses.TestRegisterPage"/>
  <testcase name="verifyCurrentURL2" time="0.048" classname="com.TestClasses.TestRegisterPage"/>
</testsuite> <!-- com.TestClasses.TestRegisterPage -->
