<?xml version="1.0" encoding="UTF-8"?>
<!-- Generated by org.testng.reporters.JUnitReportReporter -->
<testsuite skipped="3" hostname="DESKTOP-O3R1SP1" name="com.TestClasses.TestDownloadsPage" tests="19" failures="0" timestamp="02 May 2021 17:06:53 GMT" time="59.310" errors="0">
  <testcase name="verifyTitle" time="0.092" classname="com.TestClasses.TestDownloadsPage"/>
  <testcase name="varifyUsersText" time="0.347" classname="com.TestClasses.TestDownloadsPage"/>
  <testcase name="varifyHome" time="0.098" classname="com.TestClasses.TestDownloadsPage"/>
  <testcase name="varifyJBKTextInNavBar" time="0.044" classname="com.TestClasses.TestDownloadsPage"/>
  <testcase name="varifyLeftBar" time="0.445" classname="com.TestClasses.TestDownloadsPage"/>
  <testcase name="varifyFooter" time="0.067" classname="com.TestClasses.TestDownloadsPage"/>
  <testcase name="varifyLogoutText" time="0.055" classname="com.TestClasses.TestDownloadsPage"/>
  <testcase name="varifyDownloadsListText" time="0.050" classname="com.TestClasses.TestDownloadsPage"/>
  <testcase name="clickLogoIMG" time="2.961" classname="com.TestClasses.TestDownloadsPage"/>
  <testcase name="verifyTextInTable" time="9.363" classname="com.TestClasses.TestDownloadsPage">
    <skipped/>
  </testcase> <!-- verifyTextInTable -->
  <testcase name="verifyTextInTable" time="5.802" classname="com.TestClasses.TestDownloadsPage">
    <skipped/>
  </testcase> <!-- verifyTextInTable -->
  <testcase name="verifyTextInTable" time="7.171" classname="com.TestClasses.TestDownloadsPage">
    <skipped/>
  </testcase> <!-- verifyTextInTable -->
  <testcase name="clickImages" time="10.923" classname="com.TestClasses.TestDownloadsPage"/>
  <testcase name="clickHome" time="0.648" classname="com.TestClasses.TestDownloadsPage"/>
  <testcase name="clickJBKTextInNavBar" time="1.749" classname="com.TestClasses.TestDownloadsPage"/>
  <testcase name="clickOnlineText" time="0.167" classname="com.TestClasses.TestDownloadsPage"/>
  <testcase name="clickFooter" time="18.353" classname="com.TestClasses.TestDownloadsPage"/>
  <testcase name="clickLogout" time="0.928" classname="com.TestClasses.TestDownloadsPage"/>
  <testcase name="verifyLogoutText" time="0.047" classname="com.TestClasses.TestDownloadsPage"/>
</testsuite> <!-- com.TestClasses.TestDownloadsPage -->
