<?xml version="1.0" encoding="UTF-8"?>
<!-- Generated by org.testng.reporters.JUnitReportReporter -->
<testsuite skipped="2" hostname="DESKTOP-O3R1SP1" name="com.TestClasses.TestDownloadsPage" tests="18" failures="0" timestamp="30 Apr 2021 19:48:05 GMT" time="23.024" errors="0">
  <testcase name="verifyTitle" time="0.016" classname="com.TestClasses.TestDownloadsPage"/>
  <testcase name="varifyUsersText" time="0.061" classname="com.TestClasses.TestDownloadsPage"/>
  <testcase name="varifyHome" time="0.047" classname="com.TestClasses.TestDownloadsPage"/>
  <testcase name="varifyJBKTextInNavBar" time="0.047" classname="com.TestClasses.TestDownloadsPage"/>
  <testcase name="varifyLeftBar" time="0.078" classname="com.TestClasses.TestDownloadsPage"/>
  <testcase name="varifyFooter" time="0.063" classname="com.TestClasses.TestDownloadsPage"/>
  <testcase name="varifyLogoutText" time="0.062" classname="com.TestClasses.TestDownloadsPage"/>
  <testcase name="varifyDownloadsListText" time="0.047" classname="com.TestClasses.TestDownloadsPage"/>
  <testcase name="clickLogoIMG" time="0.344" classname="com.TestClasses.TestDownloadsPage"/>
  <testcase name="verifyTextInTable" time="4.611" classname="com.TestClasses.TestDownloadsPage">
    <skipped/>
  </testcase> <!-- verifyTextInTable -->
  <testcase name="verifyTextInTable" time="3.387" classname="com.TestClasses.TestDownloadsPage">
    <skipped/>
  </testcase> <!-- verifyTextInTable -->
  <testcase name="clickImages" time="11.523" classname="com.TestClasses.TestDownloadsPage"/>
  <testcase name="clickHome" time="0.205" classname="com.TestClasses.TestDownloadsPage"/>
  <testcase name="clickJBKTextInNavBar" time="0.420" classname="com.TestClasses.TestDownloadsPage"/>
  <testcase name="clickOnlineText" time="0.143" classname="com.TestClasses.TestDownloadsPage"/>
  <testcase name="clickFooter" time="1.574" classname="com.TestClasses.TestDownloadsPage"/>
  <testcase name="clickLogout" time="0.340" classname="com.TestClasses.TestDownloadsPage"/>
  <testcase name="verifyLogoutText" time="0.056" classname="com.TestClasses.TestDownloadsPage"/>
</testsuite> <!-- com.TestClasses.TestDownloadsPage -->
